Determining if the pthread_create exist failed with the following output:
Change Dir: /home/luis/VT2/catkin_ws/build/staubli_tx90_gazebo/CMakeFiles/CMakeTmp

Run Build Command:"/usr/bin/make" "cmTC_47611/fast"
/usr/bin/make -f CMakeFiles/cmTC_47611.dir/build.make CMakeFiles/cmTC_47611.dir/build
make[1]: Verzeichnis „/home/luis/VT2/catkin_ws/build/staubli_tx90_gazebo/CMakeFiles/CMakeTmp“ wird betreten
Building C object CMakeFiles/cmTC_47611.dir/CheckSymbolExists.c.o
/usr/bin/cc     -o CMakeFiles/cmTC_47611.dir/CheckSymbolExists.c.o   -c /home/luis/VT2/catkin_ws/build/staubli_tx90_gazebo/CMakeFiles/CMakeTmp/CheckSymbolExists.c
Linking C executable cmTC_47611
/usr/bin/cmake -E cmake_link_script CMakeFiles/cmTC_47611.dir/link.txt --verbose=1
/usr/bin/cc       CMakeFiles/cmTC_47611.dir/CheckSymbolExists.c.o  -o cmTC_47611 -rdynamic 
CMakeFiles/cmTC_47611.dir/CheckSymbolExists.c.o: In Funktion `main':
CheckSymbolExists.c:(.text+0x16): Nicht definierter Verweis auf `pthread_create'
collect2: error: ld returned 1 exit status
CMakeFiles/cmTC_47611.dir/build.make:97: die Regel für Ziel „cmTC_47611“ scheiterte
make[1]: *** [cmTC_47611] Fehler 1
make[1]: Verzeichnis „/home/luis/VT2/catkin_ws/build/staubli_tx90_gazebo/CMakeFiles/CMakeTmp“ wird verlassen
Makefile:126: die Regel für Ziel „cmTC_47611/fast“ scheiterte
make: *** [cmTC_47611/fast] Fehler 2

File /home/luis/VT2/catkin_ws/build/staubli_tx90_gazebo/CMakeFiles/CMakeTmp/CheckSymbolExists.c:
/* */
#include <pthread.h>

int main(int argc, char** argv)
{
  (void)argv;
#ifndef pthread_create
  return ((int*)(&pthread_create))[argc];
#else
  (void)argc;
  return 0;
#endif
}

Determining if the function pthread_create exists in the pthreads failed with the following output:
Change Dir: /home/luis/VT2/catkin_ws/build/staubli_tx90_gazebo/CMakeFiles/CMakeTmp

Run Build Command:"/usr/bin/make" "cmTC_f609c/fast"
/usr/bin/make -f CMakeFiles/cmTC_f609c.dir/build.make CMakeFiles/cmTC_f609c.dir/build
make[1]: Verzeichnis „/home/luis/VT2/catkin_ws/build/staubli_tx90_gazebo/CMakeFiles/CMakeTmp“ wird betreten
Building C object CMakeFiles/cmTC_f609c.dir/CheckFunctionExists.c.o
/usr/bin/cc    -DCHECK_FUNCTION_EXISTS=pthread_create   -o CMakeFiles/cmTC_f609c.dir/CheckFunctionExists.c.o   -c /usr/share/cmake-3.5/Modules/CheckFunctionExists.c
Linking C executable cmTC_f609c
/usr/bin/cmake -E cmake_link_script CMakeFiles/cmTC_f609c.dir/link.txt --verbose=1
/usr/bin/cc   -DCHECK_FUNCTION_EXISTS=pthread_create    CMakeFiles/cmTC_f609c.dir/CheckFunctionExists.c.o  -o cmTC_f609c -rdynamic -lpthreads 
/usr/bin/ld: cannot find -lpthreads
collect2: error: ld returned 1 exit status
CMakeFiles/cmTC_f609c.dir/build.make:97: die Regel für Ziel „cmTC_f609c“ scheiterte
make[1]: *** [cmTC_f609c] Fehler 1
make[1]: Verzeichnis „/home/luis/VT2/catkin_ws/build/staubli_tx90_gazebo/CMakeFiles/CMakeTmp“ wird verlassen
Makefile:126: die Regel für Ziel „cmTC_f609c/fast“ scheiterte
make: *** [cmTC_f609c/fast] Fehler 2


