In file included from [01m[K/home/luis/VT2/catkin_ws/src/cell_core/src/planning.cpp:1:0[m[K:
[01m[K/opt/ros/kinetic/include/moveit/move_group_interface/move_group.h:43:2:[m[K [01;35m[Kwarning: [m[K#warning "This header is deprecated and will go away in ROS lunar." "Please use moveit/move_group_interface/move_group_interface.h" "and the class MoveGroupInterface instead of MoveGroup" [-Wcpp]
 #warning "This header is deprecated and will go away in ROS lunar."\
[01;32m[K  ^[m[K
[01m[K/home/luis/VT2/catkin_ws/src/cell_core/src/planning.cpp:[m[K In function ‘[01m[Kint main(int, char**)[m[K’:
[01m[K/home/luis/VT2/catkin_ws/src/cell_core/src/planning.cpp:17:44:[m[K [01;35m[Kwarning: [m[K‘[01m[KMoveGroup[m[K’ is deprecated [-Wdeprecated-declarations]
 moveit::planning_interface::MoveGroup group("irb120_tcp");
[01;32m[K                                            ^[m[K
In file included from [01m[K/home/luis/VT2/catkin_ws/src/cell_core/src/planning.cpp:1:0[m[K:
[01m[K/opt/ros/kinetic/include/moveit/move_group_interface/move_group.h:56:7:[m[K [01;36m[Knote: [m[Kdeclared here
 class MoveGroup : public MoveGroupInterface
[01;32m[K       ^[m[K
CMakeFiles/cell_core_node.dir/src/planning.cpp.o: In Funktion `main':
planning.cpp:(.text+0x70): Nicht definierter Verweis auf `ros::init(int&, char**, std::__cxx11::basic_string<char, std::char_traits<char>, std::allocator<char> > const&, unsigned int)'
planning.cpp:(.text+0xcc): Nicht definierter Verweis auf `ros::NodeHandle::NodeHandle(std::__cxx11::basic_string<char, std::char_traits<char>, std::allocator<char> > const&, std::map<std::__cxx11::basic_string<char, std::char_traits<char>, std::allocator<char> >, std::__cxx11::basic_string<char, std::char_traits<char>, std::allocator<char> >, std::less<std::__cxx11::basic_string<char, std::char_traits<char>, std::allocator<char> > >, std::allocator<std::pair<std::__cxx11::basic_string<char, std::char_traits<char>, std::allocator<char> > const, std::__cxx11::basic_string<char, std::char_traits<char>, std::allocator<char> > > > > const&)'
planning.cpp:(.text+0xfe): Nicht definierter Verweis auf `ros::AsyncSpinner::AsyncSpinner(unsigned int)'
planning.cpp:(.text+0x10d): Nicht definierter Verweis auf `ros::AsyncSpinner::start()'
planning.cpp:(.text+0x17d): Nicht definierter Verweis auf `ros::shutdown()'
planning.cpp:(.text+0x1aa): Nicht definierter Verweis auf `ros::NodeHandle::~NodeHandle()'
planning.cpp:(.text+0x286): Nicht definierter Verweis auf `ros::NodeHandle::~NodeHandle()'
CMakeFiles/cell_core_node.dir/src/planning.cpp.o: In Funktion `__static_initialization_and_destruction_0(int, int)':
planning.cpp:(.text+0x352): Nicht definierter Verweis auf `boost::system::generic_category()'
planning.cpp:(.text+0x35e): Nicht definierter Verweis auf `boost::system::generic_category()'
planning.cpp:(.text+0x36a): Nicht definierter Verweis auf `boost::system::system_category()'
CMakeFiles/cell_core_node.dir/src/planning.cpp.o: In Funktion `moveit::planning_interface::MoveGroup::MoveGroup(std::__cxx11::basic_string<char, std::char_traits<char>, std::allocator<char> > const&)':
planning.cpp:(.text._ZN6moveit18planning_interface9MoveGroupC2ERKNSt7__cxx1112basic_stringIcSt11char_traitsIcESaIcEEE[_ZN6moveit18planning_interface9MoveGroupC5ERKNSt7__cxx1112basic_stringIcSt11char_traitsIcESaIcEEE]+0x4c): Nicht definierter Verweis auf `moveit::planning_interface::MoveGroupInterface::MoveGroupInterface(std::__cxx11::basic_string<char, std::char_traits<char>, std::allocator<char> > const&, boost::shared_ptr<tf::Transformer> const&, ros::WallDuration const&)'
CMakeFiles/cell_core_node.dir/src/planning.cpp.o: In Funktion `moveit::planning_interface::MoveGroup::~MoveGroup()':
planning.cpp:(.text._ZN6moveit18planning_interface9MoveGroupD2Ev[_ZN6moveit18planning_interface9MoveGroupD5Ev]+0x14): Nicht definierter Verweis auf `moveit::planning_interface::MoveGroupInterface::~MoveGroupInterface()'
collect2: error: ld returned 1 exit status
make[2]: *** [/home/luis/VT2/catkin_ws/devel/.private/cell_core/lib/cell_core/cell_core_node] Fehler 1
make[1]: *** [CMakeFiles/cell_core_node.dir/all] Fehler 2
make: *** [all] Fehler 2
