[35m[1mScanning dependencies of target cell_core_node[0m
[ 50%] [32mBuilding CXX object CMakeFiles/cell_core_node.dir/src/planning.cpp.o[0m
[100%] [32m[1mLinking CXX executable cell_core_node[0m
CMakeFiles/cell_core_node.dir/src/planning.cpp.o: In Funktion `main':
planning.cpp:(.text+0x385): Nicht definierter Verweis auf `moveit_visual_tools::MoveItVisualTools::MoveItVisualTools(std::__cxx11::basic_string<char, std::char_traits<char>, std::allocator<char> > const&, std::__cxx11::basic_string<char, std::char_traits<char>, std::allocator<char> > const&, std::shared_ptr<moveit::core::RobotModel const>)'
planning.cpp:(.text+0x3c1): Nicht definierter Verweis auf `rviz_visual_tools::RvizVisualTools::deleteAllMarkers()'
planning.cpp:(.text+0x3d0): Nicht definierter Verweis auf `rviz_visual_tools::RvizVisualTools::loadRemoteControl()'
planning.cpp:(.text+0x46b): Nicht definierter Verweis auf `rviz_visual_tools::RvizVisualTools::publishText(Eigen::Transform<double, 3, 2, 0> const&, std::__cxx11::basic_string<char, std::char_traits<char>, std::allocator<char> > const&, rviz_visual_tools::colors, rviz_visual_tools::scales, bool)'
planning.cpp:(.text+0x498): Nicht definierter Verweis auf `rviz_visual_tools::RvizVisualTools::trigger()'
planning.cpp:(.text+0x8c0): Nicht definierter Verweis auf `rviz_visual_tools::RvizVisualTools::publishAxisLabeled(geometry_msgs::Pose_<std::allocator<void> > const&, std::__cxx11::basic_string<char, std::char_traits<char>, std::allocator<char> > const&, rviz_visual_tools::scales, rviz_visual_tools::colors)'
planning.cpp:(.text+0x936): Nicht definierter Verweis auf `rviz_visual_tools::RvizVisualTools::publishText(Eigen::Transform<double, 3, 2, 0> const&, std::__cxx11::basic_string<char, std::char_traits<char>, std::allocator<char> > const&, rviz_visual_tools::colors, rviz_visual_tools::scales, bool)'
planning.cpp:(.text+0x989): Nicht definierter Verweis auf `moveit_visual_tools::MoveItVisualTools::publishTrajectoryLine(moveit_msgs::RobotTrajectory_<std::allocator<void> > const&, moveit::core::JointModelGroup const*, rviz_visual_tools::colors const&)'
planning.cpp:(.text+0x998): Nicht definierter Verweis auf `rviz_visual_tools::RvizVisualTools::trigger()'
planning.cpp:(.text+0x9db): Nicht definierter Verweis auf `rviz_visual_tools::RvizVisualTools::prompt(std::__cxx11::basic_string<char, std::char_traits<char>, std::allocator<char> > const&)'
collect2: error: ld returned 1 exit status
CMakeFiles/cell_core_node.dir/build.make:179: die Regel für Ziel „cell_core_node“ scheiterte
make[2]: *** [cell_core_node] Fehler 1
make[1]: *** [CMakeFiles/cell_core_node.dir/all] Fehler 2
CMakeFiles/Makefile2:227: die Regel für Ziel „CMakeFiles/cell_core_node.dir/all“ scheiterte
Makefile:138: die Regel für Ziel „all“ scheiterte
make: *** [all] Fehler 2
