[01m[K/home/luis/VT2/catkin_ws/src/cell_core/src/planning.cpp:[m[K In function ‘[01m[Kint main(int, char**)[m[K’:
[01m[K/home/luis/VT2/catkin_ws/src/cell_core/src/planning.cpp:29:19:[m[K [01;31m[Kerror: [m[K‘[01m[Kmoveit_rviz_visual_tools1[m[K’ is not a namespace-name
   namespace rvt = moveit_rviz_visual_tools1;
[01;32m[K                   ^[m[K
[01m[K/home/luis/VT2/catkin_ws/src/cell_core/src/planning.cpp:29:44:[m[K [01;31m[Kerror: [m[Kexpected namespace-name before ‘[01m[K;[m[K’ token
   namespace rvt = moveit_rviz_visual_tools1;
[01;32m[K                                            ^[m[K
[01m[K/home/luis/VT2/catkin_ws/src/cell_core/src/planning.cpp:40:66:[m[K [01;31m[Kerror: [m[K‘[01m[Krvt[m[K’ has not been declared
   visual_tools.publishText(text_pose, "MoveGroupInterface Demo", rvt::WHITE, rvt::XLARGE);
[01;32m[K                                                                  ^[m[K
[01m[K/home/luis/VT2/catkin_ws/src/cell_core/src/planning.cpp:40:78:[m[K [01;31m[Kerror: [m[K‘[01m[Krvt[m[K’ has not been declared
   visual_tools.publishText(text_pose, "MoveGroupInterface Demo", rvt::WHITE, rvt::XLARGE);
[01;32m[K                                                                              ^[m[K
[01m[K/home/luis/VT2/catkin_ws/src/cell_core/src/planning.cpp:62:52:[m[K [01;31m[Kerror: [m[K‘[01m[Krvt[m[K’ has not been declared
   visual_tools.publishText(text_pose, "Pose Goal", rvt::WHITE, rvt::XLARGE);
[01;32m[K                                                    ^[m[K
[01m[K/home/luis/VT2/catkin_ws/src/cell_core/src/planning.cpp:62:64:[m[K [01;31m[Kerror: [m[K‘[01m[Krvt[m[K’ has not been declared
   visual_tools.publishText(text_pose, "Pose Goal", rvt::WHITE, rvt::XLARGE);
[01;32m[K                                                                ^[m[K
make[2]: *** [CMakeFiles/cell_core_node.dir/src/planning.cpp.o] Fehler 1
make[1]: *** [CMakeFiles/cell_core_node.dir/all] Fehler 2
make: *** [all] Fehler 2
