[36m--[0m Using CATKIN_DEVEL_PREFIX: /home/luis/VT2/catkin_ws/devel/.private/cell_core
[36m--[0m Using CMAKE_PREFIX_PATH: /home/luis/VT2/catkin_ws/devel;/opt/ros/kinetic
[36m--[0m This workspace overlays: /home/luis/VT2/catkin_ws/devel;/opt/ros/kinetic
[36m--[0m Using PYTHON_EXECUTABLE: /usr/bin/python
[36m--[0m Using Debian Python package layout
[36m--[0m Using empy: /usr/bin/empy
[36m--[0m Using CATKIN_ENABLE_TESTING: ON
[36m--[0m Call enable_testing()
[36m--[0m Using CATKIN_TEST_RESULTS_DIR: /home/luis/VT2/catkin_ws/build/cell_core/test_results
[36m--[0m Found gtest sources under '/usr/src/gtest': gtests will be built
[36m--[0m Using Python nosetests: /home/luis/.local/bin/nosetests-2.7
[36m--[0m catkin 0.7.6
[36m--[0m Using these message generators: gencpp;geneus;genlisp;gennodejs;genpy
[31m[1mCMake Error[0m at /home/luis/VT2/catkin_ws/src/cell_core/CMakeLists.txt:38 (target_link_libraries):
  Cannot specify link libraries for target "cell_core" which is not built by
  this project.


[36m--[0m Configuring incomplete, errors occurred!
See also "/home/luis/VT2/catkin_ws/build/cell_core/CMakeFiles/CMakeOutput.log".
See also "/home/luis/VT2/catkin_ws/build/cell_core/CMakeFiles/CMakeError.log".
make: *** [cmake_check_build_system] Fehler 1
