Determining if the pthread_create exist failed with the following output:
Change Dir: /home/luis/VT2/catkin_ws/build/staubli_tx90_moveit_config/CMakeFiles/CMakeTmp

Run Build Command:"/usr/bin/make" "cmTC_e713a/fast"
/usr/bin/make -f CMakeFiles/cmTC_e713a.dir/build.make CMakeFiles/cmTC_e713a.dir/build
make[1]: Verzeichnis „/home/luis/VT2/catkin_ws/build/staubli_tx90_moveit_config/CMakeFiles/CMakeTmp“ wird betreten
Building C object CMakeFiles/cmTC_e713a.dir/CheckSymbolExists.c.o
/usr/bin/cc     -o CMakeFiles/cmTC_e713a.dir/CheckSymbolExists.c.o   -c /home/luis/VT2/catkin_ws/build/staubli_tx90_moveit_config/CMakeFiles/CMakeTmp/CheckSymbolExists.c
Linking C executable cmTC_e713a
/usr/bin/cmake -E cmake_link_script CMakeFiles/cmTC_e713a.dir/link.txt --verbose=1
/usr/bin/cc       CMakeFiles/cmTC_e713a.dir/CheckSymbolExists.c.o  -o cmTC_e713a -rdynamic 
CMakeFiles/cmTC_e713a.dir/CheckSymbolExists.c.o: In Funktion `main':
CheckSymbolExists.c:(.text+0x16): Nicht definierter Verweis auf `pthread_create'
collect2: error: ld returned 1 exit status
CMakeFiles/cmTC_e713a.dir/build.make:97: die Regel für Ziel „cmTC_e713a“ scheiterte
make[1]: *** [cmTC_e713a] Fehler 1
make[1]: Verzeichnis „/home/luis/VT2/catkin_ws/build/staubli_tx90_moveit_config/CMakeFiles/CMakeTmp“ wird verlassen
Makefile:126: die Regel für Ziel „cmTC_e713a/fast“ scheiterte
make: *** [cmTC_e713a/fast] Fehler 2

File /home/luis/VT2/catkin_ws/build/staubli_tx90_moveit_config/CMakeFiles/CMakeTmp/CheckSymbolExists.c:
/* */
#include <pthread.h>

int main(int argc, char** argv)
{
  (void)argv;
#ifndef pthread_create
  return ((int*)(&pthread_create))[argc];
#else
  (void)argc;
  return 0;
#endif
}

Determining if the function pthread_create exists in the pthreads failed with the following output:
Change Dir: /home/luis/VT2/catkin_ws/build/staubli_tx90_moveit_config/CMakeFiles/CMakeTmp

Run Build Command:"/usr/bin/make" "cmTC_3153c/fast"
/usr/bin/make -f CMakeFiles/cmTC_3153c.dir/build.make CMakeFiles/cmTC_3153c.dir/build
make[1]: Verzeichnis „/home/luis/VT2/catkin_ws/build/staubli_tx90_moveit_config/CMakeFiles/CMakeTmp“ wird betreten
Building C object CMakeFiles/cmTC_3153c.dir/CheckFunctionExists.c.o
/usr/bin/cc    -DCHECK_FUNCTION_EXISTS=pthread_create   -o CMakeFiles/cmTC_3153c.dir/CheckFunctionExists.c.o   -c /usr/share/cmake-3.5/Modules/CheckFunctionExists.c
Linking C executable cmTC_3153c
/usr/bin/cmake -E cmake_link_script CMakeFiles/cmTC_3153c.dir/link.txt --verbose=1
/usr/bin/cc   -DCHECK_FUNCTION_EXISTS=pthread_create    CMakeFiles/cmTC_3153c.dir/CheckFunctionExists.c.o  -o cmTC_3153c -rdynamic -lpthreads 
/usr/bin/ld: cannot find -lpthreads
collect2: error: ld returned 1 exit status
CMakeFiles/cmTC_3153c.dir/build.make:97: die Regel für Ziel „cmTC_3153c“ scheiterte
make[1]: *** [cmTC_3153c] Fehler 1
make[1]: Verzeichnis „/home/luis/VT2/catkin_ws/build/staubli_tx90_moveit_config/CMakeFiles/CMakeTmp“ wird verlassen
Makefile:126: die Regel für Ziel „cmTC_3153c/fast“ scheiterte
make: *** [cmTC_3153c/fast] Fehler 2


