Determining if the pthread_create exist failed with the following output:
Change Dir: /home/luis/VT2/catkin_ws/build/abb_irb2400_support/CMakeFiles/CMakeTmp

Run Build Command:"/usr/bin/make" "cmTC_86731/fast"
/usr/bin/make -f CMakeFiles/cmTC_86731.dir/build.make CMakeFiles/cmTC_86731.dir/build
make[1]: Entering directory '/home/luis/VT2/catkin_ws/build/abb_irb2400_support/CMakeFiles/CMakeTmp'
Building C object CMakeFiles/cmTC_86731.dir/CheckSymbolExists.c.o
/usr/bin/cc     -o CMakeFiles/cmTC_86731.dir/CheckSymbolExists.c.o   -c /home/luis/VT2/catkin_ws/build/abb_irb2400_support/CMakeFiles/CMakeTmp/CheckSymbolExists.c
Linking C executable cmTC_86731
/usr/bin/cmake -E cmake_link_script CMakeFiles/cmTC_86731.dir/link.txt --verbose=1
/usr/bin/cc       CMakeFiles/cmTC_86731.dir/CheckSymbolExists.c.o  -o cmTC_86731 -rdynamic 
CMakeFiles/cmTC_86731.dir/CheckSymbolExists.c.o: In function `main':
CheckSymbolExists.c:(.text+0x16): undefined reference to `pthread_create'
collect2: error: ld returned 1 exit status
CMakeFiles/cmTC_86731.dir/build.make:97: recipe for target 'cmTC_86731' failed
make[1]: *** [cmTC_86731] Error 1
make[1]: Leaving directory '/home/luis/VT2/catkin_ws/build/abb_irb2400_support/CMakeFiles/CMakeTmp'
Makefile:126: recipe for target 'cmTC_86731/fast' failed
make: *** [cmTC_86731/fast] Error 2

File /home/luis/VT2/catkin_ws/build/abb_irb2400_support/CMakeFiles/CMakeTmp/CheckSymbolExists.c:
/* */
#include <pthread.h>

int main(int argc, char** argv)
{
  (void)argv;
#ifndef pthread_create
  return ((int*)(&pthread_create))[argc];
#else
  (void)argc;
  return 0;
#endif
}

Determining if the function pthread_create exists in the pthreads failed with the following output:
Change Dir: /home/luis/VT2/catkin_ws/build/abb_irb2400_support/CMakeFiles/CMakeTmp

Run Build Command:"/usr/bin/make" "cmTC_7c3b5/fast"
/usr/bin/make -f CMakeFiles/cmTC_7c3b5.dir/build.make CMakeFiles/cmTC_7c3b5.dir/build
make[1]: Entering directory '/home/luis/VT2/catkin_ws/build/abb_irb2400_support/CMakeFiles/CMakeTmp'
Building C object CMakeFiles/cmTC_7c3b5.dir/CheckFunctionExists.c.o
/usr/bin/cc    -DCHECK_FUNCTION_EXISTS=pthread_create   -o CMakeFiles/cmTC_7c3b5.dir/CheckFunctionExists.c.o   -c /usr/share/cmake-3.5/Modules/CheckFunctionExists.c
Linking C executable cmTC_7c3b5
/usr/bin/cmake -E cmake_link_script CMakeFiles/cmTC_7c3b5.dir/link.txt --verbose=1
/usr/bin/cc   -DCHECK_FUNCTION_EXISTS=pthread_create    CMakeFiles/cmTC_7c3b5.dir/CheckFunctionExists.c.o  -o cmTC_7c3b5 -rdynamic -lpthreads 
/usr/bin/ld: cannot find -lpthreads
collect2: error: ld returned 1 exit status
CMakeFiles/cmTC_7c3b5.dir/build.make:97: recipe for target 'cmTC_7c3b5' failed
make[1]: *** [cmTC_7c3b5] Error 1
make[1]: Leaving directory '/home/luis/VT2/catkin_ws/build/abb_irb2400_support/CMakeFiles/CMakeTmp'
Makefile:126: recipe for target 'cmTC_7c3b5/fast' failed
make: *** [cmTC_7c3b5/fast] Error 2


