Determining if the pthread_create exist failed with the following output:
Change Dir: /home/luis/VT2/catkin_ws/build/cell_core/CMakeFiles/CMakeTmp

Run Build Command:"/usr/bin/make" "cmTC_f1556/fast"
/usr/bin/make -f CMakeFiles/cmTC_f1556.dir/build.make CMakeFiles/cmTC_f1556.dir/build
make[1]: Verzeichnis „/home/luis/VT2/catkin_ws/build/cell_core/CMakeFiles/CMakeTmp“ wird betreten
Building C object CMakeFiles/cmTC_f1556.dir/CheckSymbolExists.c.o
/usr/bin/cc     -o CMakeFiles/cmTC_f1556.dir/CheckSymbolExists.c.o   -c /home/luis/VT2/catkin_ws/build/cell_core/CMakeFiles/CMakeTmp/CheckSymbolExists.c
Linking C executable cmTC_f1556
/usr/bin/cmake -E cmake_link_script CMakeFiles/cmTC_f1556.dir/link.txt --verbose=1
/usr/bin/cc       CMakeFiles/cmTC_f1556.dir/CheckSymbolExists.c.o  -o cmTC_f1556 -rdynamic 
CMakeFiles/cmTC_f1556.dir/CheckSymbolExists.c.o: In Funktion `main':
CheckSymbolExists.c:(.text+0x16): Nicht definierter Verweis auf `pthread_create'
collect2: error: ld returned 1 exit status
CMakeFiles/cmTC_f1556.dir/build.make:97: die Regel für Ziel „cmTC_f1556“ scheiterte
make[1]: *** [cmTC_f1556] Fehler 1
make[1]: Verzeichnis „/home/luis/VT2/catkin_ws/build/cell_core/CMakeFiles/CMakeTmp“ wird verlassen
Makefile:126: die Regel für Ziel „cmTC_f1556/fast“ scheiterte
make: *** [cmTC_f1556/fast] Fehler 2

File /home/luis/VT2/catkin_ws/build/cell_core/CMakeFiles/CMakeTmp/CheckSymbolExists.c:
/* */
#include <pthread.h>

int main(int argc, char** argv)
{
  (void)argv;
#ifndef pthread_create
  return ((int*)(&pthread_create))[argc];
#else
  (void)argc;
  return 0;
#endif
}

Determining if the function pthread_create exists in the pthreads failed with the following output:
Change Dir: /home/luis/VT2/catkin_ws/build/cell_core/CMakeFiles/CMakeTmp

Run Build Command:"/usr/bin/make" "cmTC_38651/fast"
/usr/bin/make -f CMakeFiles/cmTC_38651.dir/build.make CMakeFiles/cmTC_38651.dir/build
make[1]: Verzeichnis „/home/luis/VT2/catkin_ws/build/cell_core/CMakeFiles/CMakeTmp“ wird betreten
Building C object CMakeFiles/cmTC_38651.dir/CheckFunctionExists.c.o
/usr/bin/cc    -DCHECK_FUNCTION_EXISTS=pthread_create   -o CMakeFiles/cmTC_38651.dir/CheckFunctionExists.c.o   -c /usr/share/cmake-3.5/Modules/CheckFunctionExists.c
Linking C executable cmTC_38651
/usr/bin/cmake -E cmake_link_script CMakeFiles/cmTC_38651.dir/link.txt --verbose=1
/usr/bin/cc   -DCHECK_FUNCTION_EXISTS=pthread_create    CMakeFiles/cmTC_38651.dir/CheckFunctionExists.c.o  -o cmTC_38651 -rdynamic -lpthreads 
/usr/bin/ld: cannot find -lpthreads
collect2: error: ld returned 1 exit status
CMakeFiles/cmTC_38651.dir/build.make:97: die Regel für Ziel „cmTC_38651“ scheiterte
make[1]: *** [cmTC_38651] Fehler 1
make[1]: Verzeichnis „/home/luis/VT2/catkin_ws/build/cell_core/CMakeFiles/CMakeTmp“ wird verlassen
Makefile:126: die Regel für Ziel „cmTC_38651/fast“ scheiterte
make: *** [cmTC_38651/fast] Fehler 2


