Determining if the pthread_create exist failed with the following output:
Change Dir: /home/luis/VT2/catkin_ws/build/staubli_tx90_support/CMakeFiles/CMakeTmp

Run Build Command:"/usr/bin/make" "cmTC_52cb0/fast"
/usr/bin/make -f CMakeFiles/cmTC_52cb0.dir/build.make CMakeFiles/cmTC_52cb0.dir/build
make[1]: Verzeichnis „/home/luis/VT2/catkin_ws/build/staubli_tx90_support/CMakeFiles/CMakeTmp“ wird betreten
Building C object CMakeFiles/cmTC_52cb0.dir/CheckSymbolExists.c.o
/usr/bin/cc     -o CMakeFiles/cmTC_52cb0.dir/CheckSymbolExists.c.o   -c /home/luis/VT2/catkin_ws/build/staubli_tx90_support/CMakeFiles/CMakeTmp/CheckSymbolExists.c
Linking C executable cmTC_52cb0
/usr/bin/cmake -E cmake_link_script CMakeFiles/cmTC_52cb0.dir/link.txt --verbose=1
/usr/bin/cc       CMakeFiles/cmTC_52cb0.dir/CheckSymbolExists.c.o  -o cmTC_52cb0 -rdynamic 
CMakeFiles/cmTC_52cb0.dir/CheckSymbolExists.c.o: In Funktion `main':
CheckSymbolExists.c:(.text+0x16): Nicht definierter Verweis auf `pthread_create'
collect2: error: ld returned 1 exit status
CMakeFiles/cmTC_52cb0.dir/build.make:97: die Regel für Ziel „cmTC_52cb0“ scheiterte
make[1]: *** [cmTC_52cb0] Fehler 1
make[1]: Verzeichnis „/home/luis/VT2/catkin_ws/build/staubli_tx90_support/CMakeFiles/CMakeTmp“ wird verlassen
Makefile:126: die Regel für Ziel „cmTC_52cb0/fast“ scheiterte
make: *** [cmTC_52cb0/fast] Fehler 2

File /home/luis/VT2/catkin_ws/build/staubli_tx90_support/CMakeFiles/CMakeTmp/CheckSymbolExists.c:
/* */
#include <pthread.h>

int main(int argc, char** argv)
{
  (void)argv;
#ifndef pthread_create
  return ((int*)(&pthread_create))[argc];
#else
  (void)argc;
  return 0;
#endif
}

Determining if the function pthread_create exists in the pthreads failed with the following output:
Change Dir: /home/luis/VT2/catkin_ws/build/staubli_tx90_support/CMakeFiles/CMakeTmp

Run Build Command:"/usr/bin/make" "cmTC_54c9d/fast"
/usr/bin/make -f CMakeFiles/cmTC_54c9d.dir/build.make CMakeFiles/cmTC_54c9d.dir/build
make[1]: Verzeichnis „/home/luis/VT2/catkin_ws/build/staubli_tx90_support/CMakeFiles/CMakeTmp“ wird betreten
Building C object CMakeFiles/cmTC_54c9d.dir/CheckFunctionExists.c.o
/usr/bin/cc    -DCHECK_FUNCTION_EXISTS=pthread_create   -o CMakeFiles/cmTC_54c9d.dir/CheckFunctionExists.c.o   -c /usr/share/cmake-3.5/Modules/CheckFunctionExists.c
Linking C executable cmTC_54c9d
/usr/bin/cmake -E cmake_link_script CMakeFiles/cmTC_54c9d.dir/link.txt --verbose=1
/usr/bin/cc   -DCHECK_FUNCTION_EXISTS=pthread_create    CMakeFiles/cmTC_54c9d.dir/CheckFunctionExists.c.o  -o cmTC_54c9d -rdynamic -lpthreads 
/usr/bin/ld: cannot find -lpthreads
collect2: error: ld returned 1 exit status
CMakeFiles/cmTC_54c9d.dir/build.make:97: die Regel für Ziel „cmTC_54c9d“ scheiterte
make[1]: *** [cmTC_54c9d] Fehler 1
make[1]: Verzeichnis „/home/luis/VT2/catkin_ws/build/staubli_tx90_support/CMakeFiles/CMakeTmp“ wird verlassen
Makefile:126: die Regel für Ziel „cmTC_54c9d/fast“ scheiterte
make: *** [cmTC_54c9d/fast] Fehler 2


