[35m[1mScanning dependencies of target abb_irb2400_manipulator_moveit_ikfast_plugin[0m
[ 50%] [32mBuilding CXX object irb2400_kinematics/CMakeFiles/abb_irb2400_manipulator_moveit_ikfast_plugin.dir/src/abb_irb2400_manipulator_ikfast_moveit_plugin.cpp.o[0m
In file included from [01m[K/opt/ros/kinetic/include/moveit/macros/class_forward.h:40:0[m[K,
                 from [01m[K/opt/ros/kinetic/include/moveit/kinematics_base/kinematics_base.h:42[m[K,
                 from [01m[K/home/luis/VT2/catkin_ws/src/abb/abb_irb2400_moveit_plugins/irb2400_kinematics/src/abb_irb2400_manipulator_ikfast_moveit_plugin.cpp:49[m[K:
[01m[K/opt/ros/kinetic/include/moveit/macros/declare_ptr.h:52:16:[m[K [01;31m[Kerror: [m[K‘[01m[Kshared_ptr[m[K’ in namespace ‘[01m[Kstd[m[K’ does not name a template type
   typedef std::shared_ptr<Type> Name##Ptr;                                                                             \
[01;32m[K                ^[m[K
[01m[K/opt/ros/kinetic/include/moveit/macros/class_forward.h:51:3:[m[K [01;36m[Knote: [m[Kin expansion of macro ‘[01m[KMOVEIT_DECLARE_PTR[m[K’
   MOVEIT_DECLARE_PTR(C, C);
[01;32m[K   ^[m[K
[01m[K/opt/ros/kinetic/include/moveit/kinematics_base/kinematics_base.h:137:1:[m[K [01;36m[Knote: [m[Kin expansion of macro ‘[01m[KMOVEIT_CLASS_FORWARD[m[K’
 MOVEIT_CLASS_FORWARD(KinematicsBase);
[01;32m[K ^[m[K
[01m[K/opt/ros/kinetic/include/moveit/macros/declare_ptr.h:53:16:[m[K [01;31m[Kerror: [m[K‘[01m[Kshared_ptr[m[K’ in namespace ‘[01m[Kstd[m[K’ does not name a template type
   typedef std::shared_ptr<const Type> Name##ConstPtr;
[01;32m[K                ^[m[K
[01m[K/opt/ros/kinetic/include/moveit/macros/class_forward.h:51:3:[m[K [01;36m[Knote: [m[Kin expansion of macro ‘[01m[KMOVEIT_DECLARE_PTR[m[K’
   MOVEIT_DECLARE_PTR(C, C);
[01;32m[K   ^[m[K
[01m[K/opt/ros/kinetic/include/moveit/kinematics_base/kinematics_base.h:137:1:[m[K [01;36m[Knote: [m[Kin expansion of macro ‘[01m[KMOVEIT_CLASS_FORWARD[m[K’
 MOVEIT_CLASS_FORWARD(KinematicsBase);
[01;32m[K ^[m[K
irb2400_kinematics/CMakeFiles/abb_irb2400_manipulator_moveit_ikfast_plugin.dir/build.make:62: die Regel für Ziel „irb2400_kinematics/CMakeFiles/abb_irb2400_manipulator_moveit_ikfast_plugin.dir/src/abb_irb2400_manipulator_ikfast_moveit_plugin.cpp.o“ scheiterte
CMakeFiles/Makefile2:2760: die Regel für Ziel „irb2400_kinematics/CMakeFiles/abb_irb2400_manipulator_moveit_ikfast_plugin.dir/all“ scheiterte
make[2]: *** [irb2400_kinematics/CMakeFiles/abb_irb2400_manipulator_moveit_ikfast_plugin.dir/src/abb_irb2400_manipulator_ikfast_moveit_plugin.cpp.o] Fehler 1
make[1]: *** [irb2400_kinematics/CMakeFiles/abb_irb2400_manipulator_moveit_ikfast_plugin.dir/all] Fehler 2
Makefile:138: die Regel für Ziel „all“ scheiterte
make: *** [all] Fehler 2
