Determining if the pthread_create exist failed with the following output:
Change Dir: /home/luis/VT2/catkin_ws/build/ur_gazebo/CMakeFiles/CMakeTmp

Run Build Command:"/usr/bin/make" "cmTC_a645a/fast"
/usr/bin/make -f CMakeFiles/cmTC_a645a.dir/build.make CMakeFiles/cmTC_a645a.dir/build
make[1]: Verzeichnis „/home/luis/VT2/catkin_ws/build/ur_gazebo/CMakeFiles/CMakeTmp“ wird betreten
Building C object CMakeFiles/cmTC_a645a.dir/CheckSymbolExists.c.o
/usr/bin/cc     -o CMakeFiles/cmTC_a645a.dir/CheckSymbolExists.c.o   -c /home/luis/VT2/catkin_ws/build/ur_gazebo/CMakeFiles/CMakeTmp/CheckSymbolExists.c
Linking C executable cmTC_a645a
/usr/bin/cmake -E cmake_link_script CMakeFiles/cmTC_a645a.dir/link.txt --verbose=1
/usr/bin/cc       CMakeFiles/cmTC_a645a.dir/CheckSymbolExists.c.o  -o cmTC_a645a -rdynamic 
CMakeFiles/cmTC_a645a.dir/CheckSymbolExists.c.o: In Funktion `main':
CheckSymbolExists.c:(.text+0x16): Nicht definierter Verweis auf `pthread_create'
collect2: error: ld returned 1 exit status
CMakeFiles/cmTC_a645a.dir/build.make:97: die Regel für Ziel „cmTC_a645a“ scheiterte
make[1]: *** [cmTC_a645a] Fehler 1
make[1]: Verzeichnis „/home/luis/VT2/catkin_ws/build/ur_gazebo/CMakeFiles/CMakeTmp“ wird verlassen
Makefile:126: die Regel für Ziel „cmTC_a645a/fast“ scheiterte
make: *** [cmTC_a645a/fast] Fehler 2

File /home/luis/VT2/catkin_ws/build/ur_gazebo/CMakeFiles/CMakeTmp/CheckSymbolExists.c:
/* */
#include <pthread.h>

int main(int argc, char** argv)
{
  (void)argv;
#ifndef pthread_create
  return ((int*)(&pthread_create))[argc];
#else
  (void)argc;
  return 0;
#endif
}

Determining if the function pthread_create exists in the pthreads failed with the following output:
Change Dir: /home/luis/VT2/catkin_ws/build/ur_gazebo/CMakeFiles/CMakeTmp

Run Build Command:"/usr/bin/make" "cmTC_f0ab5/fast"
/usr/bin/make -f CMakeFiles/cmTC_f0ab5.dir/build.make CMakeFiles/cmTC_f0ab5.dir/build
make[1]: Verzeichnis „/home/luis/VT2/catkin_ws/build/ur_gazebo/CMakeFiles/CMakeTmp“ wird betreten
Building C object CMakeFiles/cmTC_f0ab5.dir/CheckFunctionExists.c.o
/usr/bin/cc    -DCHECK_FUNCTION_EXISTS=pthread_create   -o CMakeFiles/cmTC_f0ab5.dir/CheckFunctionExists.c.o   -c /usr/share/cmake-3.5/Modules/CheckFunctionExists.c
Linking C executable cmTC_f0ab5
/usr/bin/cmake -E cmake_link_script CMakeFiles/cmTC_f0ab5.dir/link.txt --verbose=1
/usr/bin/cc   -DCHECK_FUNCTION_EXISTS=pthread_create    CMakeFiles/cmTC_f0ab5.dir/CheckFunctionExists.c.o  -o cmTC_f0ab5 -rdynamic -lpthreads 
/usr/bin/ld: cannot find -lpthreads
collect2: error: ld returned 1 exit status
CMakeFiles/cmTC_f0ab5.dir/build.make:97: die Regel für Ziel „cmTC_f0ab5“ scheiterte
make[1]: *** [cmTC_f0ab5] Fehler 1
make[1]: Verzeichnis „/home/luis/VT2/catkin_ws/build/ur_gazebo/CMakeFiles/CMakeTmp“ wird verlassen
Makefile:126: die Regel für Ziel „cmTC_f0ab5/fast“ scheiterte
make: *** [cmTC_f0ab5/fast] Fehler 2


