Determining if the pthread_create exist failed with the following output:
Change Dir: /home/luis/VT2/catkin_ws/build/abb_irb120_support/CMakeFiles/CMakeTmp

Run Build Command:"/usr/bin/make" "cmTC_906e4/fast"
/usr/bin/make -f CMakeFiles/cmTC_906e4.dir/build.make CMakeFiles/cmTC_906e4.dir/build
make[1]: Verzeichnis „/home/luis/VT2/catkin_ws/build/abb_irb120_support/CMakeFiles/CMakeTmp“ wird betreten
Building C object CMakeFiles/cmTC_906e4.dir/CheckSymbolExists.c.o
/usr/bin/cc     -o CMakeFiles/cmTC_906e4.dir/CheckSymbolExists.c.o   -c /home/luis/VT2/catkin_ws/build/abb_irb120_support/CMakeFiles/CMakeTmp/CheckSymbolExists.c
Linking C executable cmTC_906e4
/usr/bin/cmake -E cmake_link_script CMakeFiles/cmTC_906e4.dir/link.txt --verbose=1
/usr/bin/cc       CMakeFiles/cmTC_906e4.dir/CheckSymbolExists.c.o  -o cmTC_906e4 -rdynamic 
CMakeFiles/cmTC_906e4.dir/CheckSymbolExists.c.o: In Funktion `main':
CheckSymbolExists.c:(.text+0x16): Nicht definierter Verweis auf `pthread_create'
collect2: error: ld returned 1 exit status
CMakeFiles/cmTC_906e4.dir/build.make:97: die Regel für Ziel „cmTC_906e4“ scheiterte
make[1]: *** [cmTC_906e4] Fehler 1
make[1]: Verzeichnis „/home/luis/VT2/catkin_ws/build/abb_irb120_support/CMakeFiles/CMakeTmp“ wird verlassen
Makefile:126: die Regel für Ziel „cmTC_906e4/fast“ scheiterte
make: *** [cmTC_906e4/fast] Fehler 2

File /home/luis/VT2/catkin_ws/build/abb_irb120_support/CMakeFiles/CMakeTmp/CheckSymbolExists.c:
/* */
#include <pthread.h>

int main(int argc, char** argv)
{
  (void)argv;
#ifndef pthread_create
  return ((int*)(&pthread_create))[argc];
#else
  (void)argc;
  return 0;
#endif
}

Determining if the function pthread_create exists in the pthreads failed with the following output:
Change Dir: /home/luis/VT2/catkin_ws/build/abb_irb120_support/CMakeFiles/CMakeTmp

Run Build Command:"/usr/bin/make" "cmTC_249d7/fast"
/usr/bin/make -f CMakeFiles/cmTC_249d7.dir/build.make CMakeFiles/cmTC_249d7.dir/build
make[1]: Verzeichnis „/home/luis/VT2/catkin_ws/build/abb_irb120_support/CMakeFiles/CMakeTmp“ wird betreten
Building C object CMakeFiles/cmTC_249d7.dir/CheckFunctionExists.c.o
/usr/bin/cc    -DCHECK_FUNCTION_EXISTS=pthread_create   -o CMakeFiles/cmTC_249d7.dir/CheckFunctionExists.c.o   -c /usr/share/cmake-3.5/Modules/CheckFunctionExists.c
Linking C executable cmTC_249d7
/usr/bin/cmake -E cmake_link_script CMakeFiles/cmTC_249d7.dir/link.txt --verbose=1
/usr/bin/cc   -DCHECK_FUNCTION_EXISTS=pthread_create    CMakeFiles/cmTC_249d7.dir/CheckFunctionExists.c.o  -o cmTC_249d7 -rdynamic -lpthreads 
/usr/bin/ld: cannot find -lpthreads
collect2: error: ld returned 1 exit status
CMakeFiles/cmTC_249d7.dir/build.make:97: die Regel für Ziel „cmTC_249d7“ scheiterte
make[1]: *** [cmTC_249d7] Fehler 1
make[1]: Verzeichnis „/home/luis/VT2/catkin_ws/build/abb_irb120_support/CMakeFiles/CMakeTmp“ wird verlassen
Makefile:126: die Regel für Ziel „cmTC_249d7/fast“ scheiterte
make: *** [cmTC_249d7/fast] Fehler 2


