Determining if the pthread_create exist failed with the following output:
Change Dir: /home/luis/VT2/catkin_ws/build/abb_resources/CMakeFiles/CMakeTmp

Run Build Command:"/usr/bin/make" "cmTC_28444/fast"
/usr/bin/make -f CMakeFiles/cmTC_28444.dir/build.make CMakeFiles/cmTC_28444.dir/build
make[1]: Verzeichnis „/home/luis/VT2/catkin_ws/build/abb_resources/CMakeFiles/CMakeTmp“ wird betreten
Building C object CMakeFiles/cmTC_28444.dir/CheckSymbolExists.c.o
/usr/bin/cc     -o CMakeFiles/cmTC_28444.dir/CheckSymbolExists.c.o   -c /home/luis/VT2/catkin_ws/build/abb_resources/CMakeFiles/CMakeTmp/CheckSymbolExists.c
Linking C executable cmTC_28444
/usr/bin/cmake -E cmake_link_script CMakeFiles/cmTC_28444.dir/link.txt --verbose=1
/usr/bin/cc       CMakeFiles/cmTC_28444.dir/CheckSymbolExists.c.o  -o cmTC_28444 -rdynamic 
CMakeFiles/cmTC_28444.dir/CheckSymbolExists.c.o: In Funktion `main':
CheckSymbolExists.c:(.text+0x16): Nicht definierter Verweis auf `pthread_create'
collect2: error: ld returned 1 exit status
CMakeFiles/cmTC_28444.dir/build.make:97: die Regel für Ziel „cmTC_28444“ scheiterte
make[1]: *** [cmTC_28444] Fehler 1
make[1]: Verzeichnis „/home/luis/VT2/catkin_ws/build/abb_resources/CMakeFiles/CMakeTmp“ wird verlassen
Makefile:126: die Regel für Ziel „cmTC_28444/fast“ scheiterte
make: *** [cmTC_28444/fast] Fehler 2

File /home/luis/VT2/catkin_ws/build/abb_resources/CMakeFiles/CMakeTmp/CheckSymbolExists.c:
/* */
#include <pthread.h>

int main(int argc, char** argv)
{
  (void)argv;
#ifndef pthread_create
  return ((int*)(&pthread_create))[argc];
#else
  (void)argc;
  return 0;
#endif
}

Determining if the function pthread_create exists in the pthreads failed with the following output:
Change Dir: /home/luis/VT2/catkin_ws/build/abb_resources/CMakeFiles/CMakeTmp

Run Build Command:"/usr/bin/make" "cmTC_63403/fast"
/usr/bin/make -f CMakeFiles/cmTC_63403.dir/build.make CMakeFiles/cmTC_63403.dir/build
make[1]: Verzeichnis „/home/luis/VT2/catkin_ws/build/abb_resources/CMakeFiles/CMakeTmp“ wird betreten
Building C object CMakeFiles/cmTC_63403.dir/CheckFunctionExists.c.o
/usr/bin/cc    -DCHECK_FUNCTION_EXISTS=pthread_create   -o CMakeFiles/cmTC_63403.dir/CheckFunctionExists.c.o   -c /usr/share/cmake-3.5/Modules/CheckFunctionExists.c
Linking C executable cmTC_63403
/usr/bin/cmake -E cmake_link_script CMakeFiles/cmTC_63403.dir/link.txt --verbose=1
/usr/bin/cc   -DCHECK_FUNCTION_EXISTS=pthread_create    CMakeFiles/cmTC_63403.dir/CheckFunctionExists.c.o  -o cmTC_63403 -rdynamic -lpthreads 
/usr/bin/ld: cannot find -lpthreads
collect2: error: ld returned 1 exit status
CMakeFiles/cmTC_63403.dir/build.make:97: die Regel für Ziel „cmTC_63403“ scheiterte
make[1]: *** [cmTC_63403] Fehler 1
make[1]: Verzeichnis „/home/luis/VT2/catkin_ws/build/abb_resources/CMakeFiles/CMakeTmp“ wird verlassen
Makefile:126: die Regel für Ziel „cmTC_63403/fast“ scheiterte
make: *** [cmTC_63403/fast] Fehler 2


