Determining if the pthread_create exist failed with the following output:
Change Dir: /home/luis/VT2/catkin_ws/build/catkin_tools_prebuild/CMakeFiles/CMakeTmp

Run Build Command:"/usr/bin/make" "cmTC_86a5b/fast"
/usr/bin/make -f CMakeFiles/cmTC_86a5b.dir/build.make CMakeFiles/cmTC_86a5b.dir/build
make[1]: Verzeichnis „/home/luis/VT2/catkin_ws/build/catkin_tools_prebuild/CMakeFiles/CMakeTmp“ wird betreten
Building C object CMakeFiles/cmTC_86a5b.dir/CheckSymbolExists.c.o
/usr/bin/cc     -o CMakeFiles/cmTC_86a5b.dir/CheckSymbolExists.c.o   -c /home/luis/VT2/catkin_ws/build/catkin_tools_prebuild/CMakeFiles/CMakeTmp/CheckSymbolExists.c
Linking C executable cmTC_86a5b
/usr/bin/cmake -E cmake_link_script CMakeFiles/cmTC_86a5b.dir/link.txt --verbose=1
/usr/bin/cc       CMakeFiles/cmTC_86a5b.dir/CheckSymbolExists.c.o  -o cmTC_86a5b -rdynamic 
CMakeFiles/cmTC_86a5b.dir/CheckSymbolExists.c.o: In Funktion `main':
CheckSymbolExists.c:(.text+0x16): Nicht definierter Verweis auf `pthread_create'
collect2: error: ld returned 1 exit status
CMakeFiles/cmTC_86a5b.dir/build.make:97: die Regel für Ziel „cmTC_86a5b“ scheiterte
make[1]: *** [cmTC_86a5b] Fehler 1
make[1]: Verzeichnis „/home/luis/VT2/catkin_ws/build/catkin_tools_prebuild/CMakeFiles/CMakeTmp“ wird verlassen
Makefile:126: die Regel für Ziel „cmTC_86a5b/fast“ scheiterte
make: *** [cmTC_86a5b/fast] Fehler 2

File /home/luis/VT2/catkin_ws/build/catkin_tools_prebuild/CMakeFiles/CMakeTmp/CheckSymbolExists.c:
/* */
#include <pthread.h>

int main(int argc, char** argv)
{
  (void)argv;
#ifndef pthread_create
  return ((int*)(&pthread_create))[argc];
#else
  (void)argc;
  return 0;
#endif
}

Determining if the function pthread_create exists in the pthreads failed with the following output:
Change Dir: /home/luis/VT2/catkin_ws/build/catkin_tools_prebuild/CMakeFiles/CMakeTmp

Run Build Command:"/usr/bin/make" "cmTC_6d854/fast"
/usr/bin/make -f CMakeFiles/cmTC_6d854.dir/build.make CMakeFiles/cmTC_6d854.dir/build
make[1]: Verzeichnis „/home/luis/VT2/catkin_ws/build/catkin_tools_prebuild/CMakeFiles/CMakeTmp“ wird betreten
Building C object CMakeFiles/cmTC_6d854.dir/CheckFunctionExists.c.o
/usr/bin/cc    -DCHECK_FUNCTION_EXISTS=pthread_create   -o CMakeFiles/cmTC_6d854.dir/CheckFunctionExists.c.o   -c /usr/share/cmake-3.5/Modules/CheckFunctionExists.c
Linking C executable cmTC_6d854
/usr/bin/cmake -E cmake_link_script CMakeFiles/cmTC_6d854.dir/link.txt --verbose=1
/usr/bin/cc   -DCHECK_FUNCTION_EXISTS=pthread_create    CMakeFiles/cmTC_6d854.dir/CheckFunctionExists.c.o  -o cmTC_6d854 -rdynamic -lpthreads 
/usr/bin/ld: cannot find -lpthreads
collect2: error: ld returned 1 exit status
CMakeFiles/cmTC_6d854.dir/build.make:97: die Regel für Ziel „cmTC_6d854“ scheiterte
make[1]: *** [cmTC_6d854] Fehler 1
make[1]: Verzeichnis „/home/luis/VT2/catkin_ws/build/catkin_tools_prebuild/CMakeFiles/CMakeTmp“ wird verlassen
Makefile:126: die Regel für Ziel „cmTC_6d854/fast“ scheiterte
make: *** [cmTC_6d854/fast] Fehler 2


