Determining if the pthread_create exist failed with the following output:
Change Dir: /home/luis/VT2/catkin_ws/build/ur10_moveit_config/CMakeFiles/CMakeTmp

Run Build Command:"/usr/bin/make" "cmTC_70aae/fast"
/usr/bin/make -f CMakeFiles/cmTC_70aae.dir/build.make CMakeFiles/cmTC_70aae.dir/build
make[1]: Verzeichnis „/home/luis/VT2/catkin_ws/build/ur10_moveit_config/CMakeFiles/CMakeTmp“ wird betreten
Building C object CMakeFiles/cmTC_70aae.dir/CheckSymbolExists.c.o
/usr/bin/cc     -o CMakeFiles/cmTC_70aae.dir/CheckSymbolExists.c.o   -c /home/luis/VT2/catkin_ws/build/ur10_moveit_config/CMakeFiles/CMakeTmp/CheckSymbolExists.c
Linking C executable cmTC_70aae
/usr/bin/cmake -E cmake_link_script CMakeFiles/cmTC_70aae.dir/link.txt --verbose=1
/usr/bin/cc       CMakeFiles/cmTC_70aae.dir/CheckSymbolExists.c.o  -o cmTC_70aae -rdynamic 
CMakeFiles/cmTC_70aae.dir/CheckSymbolExists.c.o: In Funktion `main':
CheckSymbolExists.c:(.text+0x16): Nicht definierter Verweis auf `pthread_create'
collect2: error: ld returned 1 exit status
CMakeFiles/cmTC_70aae.dir/build.make:97: die Regel für Ziel „cmTC_70aae“ scheiterte
make[1]: *** [cmTC_70aae] Fehler 1
make[1]: Verzeichnis „/home/luis/VT2/catkin_ws/build/ur10_moveit_config/CMakeFiles/CMakeTmp“ wird verlassen
Makefile:126: die Regel für Ziel „cmTC_70aae/fast“ scheiterte
make: *** [cmTC_70aae/fast] Fehler 2

File /home/luis/VT2/catkin_ws/build/ur10_moveit_config/CMakeFiles/CMakeTmp/CheckSymbolExists.c:
/* */
#include <pthread.h>

int main(int argc, char** argv)
{
  (void)argv;
#ifndef pthread_create
  return ((int*)(&pthread_create))[argc];
#else
  (void)argc;
  return 0;
#endif
}

Determining if the function pthread_create exists in the pthreads failed with the following output:
Change Dir: /home/luis/VT2/catkin_ws/build/ur10_moveit_config/CMakeFiles/CMakeTmp

Run Build Command:"/usr/bin/make" "cmTC_418a7/fast"
/usr/bin/make -f CMakeFiles/cmTC_418a7.dir/build.make CMakeFiles/cmTC_418a7.dir/build
make[1]: Verzeichnis „/home/luis/VT2/catkin_ws/build/ur10_moveit_config/CMakeFiles/CMakeTmp“ wird betreten
Building C object CMakeFiles/cmTC_418a7.dir/CheckFunctionExists.c.o
/usr/bin/cc    -DCHECK_FUNCTION_EXISTS=pthread_create   -o CMakeFiles/cmTC_418a7.dir/CheckFunctionExists.c.o   -c /usr/share/cmake-3.5/Modules/CheckFunctionExists.c
Linking C executable cmTC_418a7
/usr/bin/cmake -E cmake_link_script CMakeFiles/cmTC_418a7.dir/link.txt --verbose=1
/usr/bin/cc   -DCHECK_FUNCTION_EXISTS=pthread_create    CMakeFiles/cmTC_418a7.dir/CheckFunctionExists.c.o  -o cmTC_418a7 -rdynamic -lpthreads 
/usr/bin/ld: cannot find -lpthreads
collect2: error: ld returned 1 exit status
CMakeFiles/cmTC_418a7.dir/build.make:97: die Regel für Ziel „cmTC_418a7“ scheiterte
make[1]: *** [cmTC_418a7] Fehler 1
make[1]: Verzeichnis „/home/luis/VT2/catkin_ws/build/ur10_moveit_config/CMakeFiles/CMakeTmp“ wird verlassen
Makefile:126: die Regel für Ziel „cmTC_418a7/fast“ scheiterte
make: *** [cmTC_418a7/fast] Fehler 2


