[  0%] Built target trajectory_msgs_generate_messages_cpp
[ 10%] [32mBuilding CXX object CMakeFiles/ur_hardware_interface.dir/src/ur_hardware_interface.cpp.o[0m
[ 10%] Built target tf2_msgs_generate_messages_nodejs
[ 10%] Built target tf2_msgs_generate_messages_lisp
[ 10%] Built target tf2_msgs_generate_messages_eus
[ 10%] Built target tf_generate_messages_py
[ 10%] Built target tf_generate_messages_eus
[ 10%] Built target ur_msgs_generate_messages_py
[ 10%] Built target ur_msgs_generate_messages_nodejs
[ 10%] Built target ur_msgs_generate_messages_lisp
[ 10%] Built target sensor_msgs_generate_messages_nodejs
[ 10%] Built target sensor_msgs_generate_messages_cpp
[ 10%] Built target trajectory_msgs_generate_messages_py
[ 10%] Built target trajectory_msgs_generate_messages_nodejs
[ 10%] Built target trajectory_msgs_generate_messages_eus
[ 10%] Built target std_msgs_generate_messages_eus
[ 10%] Built target roscpp_generate_messages_lisp
[ 10%] Built target trajectory_msgs_generate_messages_lisp
[ 10%] Built target control_msgs_generate_messages_lisp
[ 10%] Built target controller_manager_msgs_generate_messages_eus
[ 10%] Built target ur_msgs_generate_messages_eus
[ 10%] Built target actionlib_generate_messages_py
[ 10%] Built target std_msgs_generate_messages_py
[ 10%] Built target tf_generate_messages_lisp
[ 10%] Built target rosgraph_msgs_generate_messages_py
[ 10%] Built target rosgraph_msgs_generate_messages_lisp
[ 10%] Built target roscpp_generate_messages_nodejs
[ 10%] Built target rosgraph_msgs_generate_messages_nodejs
[ 10%] Built target rosgraph_msgs_generate_messages_cpp
[ 10%] Built target tf_generate_messages_cpp
[ 10%] Built target geometry_msgs_generate_messages_lisp
[ 10%] Built target std_msgs_generate_messages_lisp
[ 10%] Built target sensor_msgs_generate_messages_lisp
[ 10%] Built target roscpp_generate_messages_eus
[ 10%] Built target roscpp_generate_messages_cpp
[ 10%] Built target controller_manager_msgs_generate_messages_cpp
[ 10%] Built target actionlib_msgs_generate_messages_py
[ 10%] Built target controller_manager_msgs_generate_messages_nodejs
[ 10%] Built target geometry_msgs_generate_messages_eus
[ 10%] Built target ur_msgs_generate_messages_cpp
[ 10%] Built target control_msgs_generate_messages_eus
[ 10%] Built target geometry_msgs_generate_messages_nodejs
[ 10%] Built target rosgraph_msgs_generate_messages_eus
[ 10%] Built target tf_generate_messages_nodejs
[ 10%] Built target roscpp_generate_messages_py
[ 10%] Built target actionlib_generate_messages_eus
[ 10%] Built target controller_manager_msgs_generate_messages_lisp
[ 10%] Built target tf2_msgs_generate_messages_cpp
[ 10%] Built target controller_manager_msgs_generate_messages_py
[ 10%] Built target control_msgs_generate_messages_nodejs
[ 10%] Built target sensor_msgs_generate_messages_py
[ 10%] Built target tf2_msgs_generate_messages_py
[ 10%] Built target actionlib_generate_messages_cpp
[ 10%] Built target actionlib_msgs_generate_messages_eus
[ 10%] Built target actionlib_msgs_generate_messages_nodejs
[ 10%] Built target actionlib_generate_messages_lisp
[ 10%] Built target sensor_msgs_generate_messages_eus
[ 10%] Built target actionlib_msgs_generate_messages_cpp
[ 10%] Built target std_msgs_generate_messages_cpp
[ 10%] Built target actionlib_generate_messages_nodejs
[ 10%] Built target actionlib_msgs_generate_messages_lisp
[ 10%] Built target control_msgs_generate_messages_cpp
[ 10%] Built target control_msgs_generate_messages_py
[ 10%] Built target std_msgs_generate_messages_nodejs
[ 10%] Built target geometry_msgs_generate_messages_py
[ 10%] Built target geometry_msgs_generate_messages_cpp
[ 20%] [32m[1mLinking CXX shared library /home/luis/VT2/catkin_ws/devel/.private/ur_modern_driver/lib/libur_hardware_interface.so[0m
[ 20%] Built target ur_hardware_interface
[35m[1mScanning dependencies of target ur_driver[0m
[ 30%] [32mBuilding CXX object CMakeFiles/ur_driver.dir/src/ur_communication.cpp.o[0m
[ 40%] [32mBuilding CXX object CMakeFiles/ur_driver.dir/src/ur_ros_wrapper.cpp.o[0m
[ 50%] [32mBuilding CXX object CMakeFiles/ur_driver.dir/src/ur_realtime_communication.cpp.o[0m
[ 60%] [32mBuilding CXX object CMakeFiles/ur_driver.dir/src/ur_driver.cpp.o[0m
[ 70%] [32mBuilding CXX object CMakeFiles/ur_driver.dir/src/robot_state.cpp.o[0m
[ 80%] [32mBuilding CXX object CMakeFiles/ur_driver.dir/src/robot_state_RT.cpp.o[0m
[ 90%] [32mBuilding CXX object CMakeFiles/ur_driver.dir/src/do_output.cpp.o[0m
[100%] [32m[1mLinking CXX executable /home/luis/VT2/catkin_ws/devel/.private/ur_modern_driver/lib/ur_modern_driver/ur_driver[0m
[100%] Built target ur_driver
