Determining if the pthread_create exist failed with the following output:
Change Dir: /home/luis/VT2/catkin_ws/build/ur_driver/CMakeFiles/CMakeTmp

Run Build Command:"/usr/bin/make" "cmTC_1f544/fast"
/usr/bin/make -f CMakeFiles/cmTC_1f544.dir/build.make CMakeFiles/cmTC_1f544.dir/build
make[1]: Verzeichnis „/home/luis/VT2/catkin_ws/build/ur_driver/CMakeFiles/CMakeTmp“ wird betreten
Building C object CMakeFiles/cmTC_1f544.dir/CheckSymbolExists.c.o
/usr/bin/cc     -o CMakeFiles/cmTC_1f544.dir/CheckSymbolExists.c.o   -c /home/luis/VT2/catkin_ws/build/ur_driver/CMakeFiles/CMakeTmp/CheckSymbolExists.c
Linking C executable cmTC_1f544
/usr/bin/cmake -E cmake_link_script CMakeFiles/cmTC_1f544.dir/link.txt --verbose=1
/usr/bin/cc       CMakeFiles/cmTC_1f544.dir/CheckSymbolExists.c.o  -o cmTC_1f544 -rdynamic 
CMakeFiles/cmTC_1f544.dir/CheckSymbolExists.c.o: In Funktion `main':
CheckSymbolExists.c:(.text+0x16): Nicht definierter Verweis auf `pthread_create'
collect2: error: ld returned 1 exit status
CMakeFiles/cmTC_1f544.dir/build.make:97: die Regel für Ziel „cmTC_1f544“ scheiterte
make[1]: *** [cmTC_1f544] Fehler 1
make[1]: Verzeichnis „/home/luis/VT2/catkin_ws/build/ur_driver/CMakeFiles/CMakeTmp“ wird verlassen
Makefile:126: die Regel für Ziel „cmTC_1f544/fast“ scheiterte
make: *** [cmTC_1f544/fast] Fehler 2

File /home/luis/VT2/catkin_ws/build/ur_driver/CMakeFiles/CMakeTmp/CheckSymbolExists.c:
/* */
#include <pthread.h>

int main(int argc, char** argv)
{
  (void)argv;
#ifndef pthread_create
  return ((int*)(&pthread_create))[argc];
#else
  (void)argc;
  return 0;
#endif
}

Determining if the function pthread_create exists in the pthreads failed with the following output:
Change Dir: /home/luis/VT2/catkin_ws/build/ur_driver/CMakeFiles/CMakeTmp

Run Build Command:"/usr/bin/make" "cmTC_86b41/fast"
/usr/bin/make -f CMakeFiles/cmTC_86b41.dir/build.make CMakeFiles/cmTC_86b41.dir/build
make[1]: Verzeichnis „/home/luis/VT2/catkin_ws/build/ur_driver/CMakeFiles/CMakeTmp“ wird betreten
Building C object CMakeFiles/cmTC_86b41.dir/CheckFunctionExists.c.o
/usr/bin/cc    -DCHECK_FUNCTION_EXISTS=pthread_create   -o CMakeFiles/cmTC_86b41.dir/CheckFunctionExists.c.o   -c /usr/share/cmake-3.5/Modules/CheckFunctionExists.c
Linking C executable cmTC_86b41
/usr/bin/cmake -E cmake_link_script CMakeFiles/cmTC_86b41.dir/link.txt --verbose=1
/usr/bin/cc   -DCHECK_FUNCTION_EXISTS=pthread_create    CMakeFiles/cmTC_86b41.dir/CheckFunctionExists.c.o  -o cmTC_86b41 -rdynamic -lpthreads 
/usr/bin/ld: cannot find -lpthreads
collect2: error: ld returned 1 exit status
CMakeFiles/cmTC_86b41.dir/build.make:97: die Regel für Ziel „cmTC_86b41“ scheiterte
make[1]: *** [cmTC_86b41] Fehler 1
make[1]: Verzeichnis „/home/luis/VT2/catkin_ws/build/ur_driver/CMakeFiles/CMakeTmp“ wird verlassen
Makefile:126: die Regel für Ziel „cmTC_86b41/fast“ scheiterte
make: *** [cmTC_86b41/fast] Fehler 2


