Determining if the pthread_create exist failed with the following output:
Change Dir: /home/luis/VT2/catkin_ws/build/abb_irb6640_support/CMakeFiles/CMakeTmp

Run Build Command:"/usr/bin/make" "cmTC_4744f/fast"
/usr/bin/make -f CMakeFiles/cmTC_4744f.dir/build.make CMakeFiles/cmTC_4744f.dir/build
make[1]: Entering directory '/home/luis/VT2/catkin_ws/build/abb_irb6640_support/CMakeFiles/CMakeTmp'
Building C object CMakeFiles/cmTC_4744f.dir/CheckSymbolExists.c.o
/usr/bin/cc     -o CMakeFiles/cmTC_4744f.dir/CheckSymbolExists.c.o   -c /home/luis/VT2/catkin_ws/build/abb_irb6640_support/CMakeFiles/CMakeTmp/CheckSymbolExists.c
Linking C executable cmTC_4744f
/usr/bin/cmake -E cmake_link_script CMakeFiles/cmTC_4744f.dir/link.txt --verbose=1
/usr/bin/cc       CMakeFiles/cmTC_4744f.dir/CheckSymbolExists.c.o  -o cmTC_4744f -rdynamic 
CMakeFiles/cmTC_4744f.dir/CheckSymbolExists.c.o: In function `main':
CheckSymbolExists.c:(.text+0x16): undefined reference to `pthread_create'
collect2: error: ld returned 1 exit status
CMakeFiles/cmTC_4744f.dir/build.make:97: recipe for target 'cmTC_4744f' failed
make[1]: *** [cmTC_4744f] Error 1
make[1]: Leaving directory '/home/luis/VT2/catkin_ws/build/abb_irb6640_support/CMakeFiles/CMakeTmp'
Makefile:126: recipe for target 'cmTC_4744f/fast' failed
make: *** [cmTC_4744f/fast] Error 2

File /home/luis/VT2/catkin_ws/build/abb_irb6640_support/CMakeFiles/CMakeTmp/CheckSymbolExists.c:
/* */
#include <pthread.h>

int main(int argc, char** argv)
{
  (void)argv;
#ifndef pthread_create
  return ((int*)(&pthread_create))[argc];
#else
  (void)argc;
  return 0;
#endif
}

Determining if the function pthread_create exists in the pthreads failed with the following output:
Change Dir: /home/luis/VT2/catkin_ws/build/abb_irb6640_support/CMakeFiles/CMakeTmp

Run Build Command:"/usr/bin/make" "cmTC_b620c/fast"
/usr/bin/make -f CMakeFiles/cmTC_b620c.dir/build.make CMakeFiles/cmTC_b620c.dir/build
make[1]: Entering directory '/home/luis/VT2/catkin_ws/build/abb_irb6640_support/CMakeFiles/CMakeTmp'
Building C object CMakeFiles/cmTC_b620c.dir/CheckFunctionExists.c.o
/usr/bin/cc    -DCHECK_FUNCTION_EXISTS=pthread_create   -o CMakeFiles/cmTC_b620c.dir/CheckFunctionExists.c.o   -c /usr/share/cmake-3.5/Modules/CheckFunctionExists.c
Linking C executable cmTC_b620c
/usr/bin/cmake -E cmake_link_script CMakeFiles/cmTC_b620c.dir/link.txt --verbose=1
/usr/bin/cc   -DCHECK_FUNCTION_EXISTS=pthread_create    CMakeFiles/cmTC_b620c.dir/CheckFunctionExists.c.o  -o cmTC_b620c -rdynamic -lpthreads 
/usr/bin/ld: cannot find -lpthreads
collect2: error: ld returned 1 exit status
CMakeFiles/cmTC_b620c.dir/build.make:97: recipe for target 'cmTC_b620c' failed
make[1]: *** [cmTC_b620c] Error 1
make[1]: Leaving directory '/home/luis/VT2/catkin_ws/build/abb_irb6640_support/CMakeFiles/CMakeTmp'
Makefile:126: recipe for target 'cmTC_b620c/fast' failed
make: *** [cmTC_b620c/fast] Error 2


