Determining if the pthread_create exist failed with the following output:
Change Dir: /home/luis/VT2/catkin_ws/build/cell_support/CMakeFiles/CMakeTmp

Run Build Command:"/usr/bin/make" "cmTC_d337d/fast"
/usr/bin/make -f CMakeFiles/cmTC_d337d.dir/build.make CMakeFiles/cmTC_d337d.dir/build
make[1]: Verzeichnis „/home/luis/VT2/catkin_ws/build/cell_support/CMakeFiles/CMakeTmp“ wird betreten
Building C object CMakeFiles/cmTC_d337d.dir/CheckSymbolExists.c.o
/usr/bin/cc     -o CMakeFiles/cmTC_d337d.dir/CheckSymbolExists.c.o   -c /home/luis/VT2/catkin_ws/build/cell_support/CMakeFiles/CMakeTmp/CheckSymbolExists.c
Linking C executable cmTC_d337d
/usr/bin/cmake -E cmake_link_script CMakeFiles/cmTC_d337d.dir/link.txt --verbose=1
/usr/bin/cc       CMakeFiles/cmTC_d337d.dir/CheckSymbolExists.c.o  -o cmTC_d337d -rdynamic 
CMakeFiles/cmTC_d337d.dir/CheckSymbolExists.c.o: In Funktion `main':
CheckSymbolExists.c:(.text+0x16): Nicht definierter Verweis auf `pthread_create'
collect2: error: ld returned 1 exit status
CMakeFiles/cmTC_d337d.dir/build.make:97: die Regel für Ziel „cmTC_d337d“ scheiterte
make[1]: *** [cmTC_d337d] Fehler 1
make[1]: Verzeichnis „/home/luis/VT2/catkin_ws/build/cell_support/CMakeFiles/CMakeTmp“ wird verlassen
Makefile:126: die Regel für Ziel „cmTC_d337d/fast“ scheiterte
make: *** [cmTC_d337d/fast] Fehler 2

File /home/luis/VT2/catkin_ws/build/cell_support/CMakeFiles/CMakeTmp/CheckSymbolExists.c:
/* */
#include <pthread.h>

int main(int argc, char** argv)
{
  (void)argv;
#ifndef pthread_create
  return ((int*)(&pthread_create))[argc];
#else
  (void)argc;
  return 0;
#endif
}

Determining if the function pthread_create exists in the pthreads failed with the following output:
Change Dir: /home/luis/VT2/catkin_ws/build/cell_support/CMakeFiles/CMakeTmp

Run Build Command:"/usr/bin/make" "cmTC_6815a/fast"
/usr/bin/make -f CMakeFiles/cmTC_6815a.dir/build.make CMakeFiles/cmTC_6815a.dir/build
make[1]: Verzeichnis „/home/luis/VT2/catkin_ws/build/cell_support/CMakeFiles/CMakeTmp“ wird betreten
Building C object CMakeFiles/cmTC_6815a.dir/CheckFunctionExists.c.o
/usr/bin/cc    -DCHECK_FUNCTION_EXISTS=pthread_create   -o CMakeFiles/cmTC_6815a.dir/CheckFunctionExists.c.o   -c /usr/share/cmake-3.5/Modules/CheckFunctionExists.c
Linking C executable cmTC_6815a
/usr/bin/cmake -E cmake_link_script CMakeFiles/cmTC_6815a.dir/link.txt --verbose=1
/usr/bin/cc   -DCHECK_FUNCTION_EXISTS=pthread_create    CMakeFiles/cmTC_6815a.dir/CheckFunctionExists.c.o  -o cmTC_6815a -rdynamic -lpthreads 
/usr/bin/ld: cannot find -lpthreads
collect2: error: ld returned 1 exit status
CMakeFiles/cmTC_6815a.dir/build.make:97: die Regel für Ziel „cmTC_6815a“ scheiterte
make[1]: *** [cmTC_6815a] Fehler 1
make[1]: Verzeichnis „/home/luis/VT2/catkin_ws/build/cell_support/CMakeFiles/CMakeTmp“ wird verlassen
Makefile:126: die Regel für Ziel „cmTC_6815a/fast“ scheiterte
make: *** [cmTC_6815a/fast] Fehler 2


