Determining if the pthread_create exist failed with the following output:
Change Dir: /home/luis/VT2/catkin_ws/build/ur_description/CMakeFiles/CMakeTmp

Run Build Command:"/usr/bin/make" "cmTC_1231a/fast"
/usr/bin/make -f CMakeFiles/cmTC_1231a.dir/build.make CMakeFiles/cmTC_1231a.dir/build
make[1]: Verzeichnis „/home/luis/VT2/catkin_ws/build/ur_description/CMakeFiles/CMakeTmp“ wird betreten
Building C object CMakeFiles/cmTC_1231a.dir/CheckSymbolExists.c.o
/usr/bin/cc     -o CMakeFiles/cmTC_1231a.dir/CheckSymbolExists.c.o   -c /home/luis/VT2/catkin_ws/build/ur_description/CMakeFiles/CMakeTmp/CheckSymbolExists.c
Linking C executable cmTC_1231a
/usr/bin/cmake -E cmake_link_script CMakeFiles/cmTC_1231a.dir/link.txt --verbose=1
/usr/bin/cc       CMakeFiles/cmTC_1231a.dir/CheckSymbolExists.c.o  -o cmTC_1231a -rdynamic 
CMakeFiles/cmTC_1231a.dir/CheckSymbolExists.c.o: In Funktion `main':
CheckSymbolExists.c:(.text+0x16): Nicht definierter Verweis auf `pthread_create'
collect2: error: ld returned 1 exit status
CMakeFiles/cmTC_1231a.dir/build.make:97: die Regel für Ziel „cmTC_1231a“ scheiterte
make[1]: *** [cmTC_1231a] Fehler 1
make[1]: Verzeichnis „/home/luis/VT2/catkin_ws/build/ur_description/CMakeFiles/CMakeTmp“ wird verlassen
Makefile:126: die Regel für Ziel „cmTC_1231a/fast“ scheiterte
make: *** [cmTC_1231a/fast] Fehler 2

File /home/luis/VT2/catkin_ws/build/ur_description/CMakeFiles/CMakeTmp/CheckSymbolExists.c:
/* */
#include <pthread.h>

int main(int argc, char** argv)
{
  (void)argv;
#ifndef pthread_create
  return ((int*)(&pthread_create))[argc];
#else
  (void)argc;
  return 0;
#endif
}

Determining if the function pthread_create exists in the pthreads failed with the following output:
Change Dir: /home/luis/VT2/catkin_ws/build/ur_description/CMakeFiles/CMakeTmp

Run Build Command:"/usr/bin/make" "cmTC_df9f3/fast"
/usr/bin/make -f CMakeFiles/cmTC_df9f3.dir/build.make CMakeFiles/cmTC_df9f3.dir/build
make[1]: Verzeichnis „/home/luis/VT2/catkin_ws/build/ur_description/CMakeFiles/CMakeTmp“ wird betreten
Building C object CMakeFiles/cmTC_df9f3.dir/CheckFunctionExists.c.o
/usr/bin/cc    -DCHECK_FUNCTION_EXISTS=pthread_create   -o CMakeFiles/cmTC_df9f3.dir/CheckFunctionExists.c.o   -c /usr/share/cmake-3.5/Modules/CheckFunctionExists.c
Linking C executable cmTC_df9f3
/usr/bin/cmake -E cmake_link_script CMakeFiles/cmTC_df9f3.dir/link.txt --verbose=1
/usr/bin/cc   -DCHECK_FUNCTION_EXISTS=pthread_create    CMakeFiles/cmTC_df9f3.dir/CheckFunctionExists.c.o  -o cmTC_df9f3 -rdynamic -lpthreads 
/usr/bin/ld: cannot find -lpthreads
collect2: error: ld returned 1 exit status
CMakeFiles/cmTC_df9f3.dir/build.make:97: die Regel für Ziel „cmTC_df9f3“ scheiterte
make[1]: *** [cmTC_df9f3] Fehler 1
make[1]: Verzeichnis „/home/luis/VT2/catkin_ws/build/ur_description/CMakeFiles/CMakeTmp“ wird verlassen
Makefile:126: die Regel für Ziel „cmTC_df9f3/fast“ scheiterte
make: *** [cmTC_df9f3/fast] Fehler 2


