Determining if the pthread_create exist failed with the following output:
Change Dir: /home/luis/VT2/catkin_ws/build/abb_irb4400_support/CMakeFiles/CMakeTmp

Run Build Command:"/usr/bin/make" "cmTC_6e5ba/fast"
/usr/bin/make -f CMakeFiles/cmTC_6e5ba.dir/build.make CMakeFiles/cmTC_6e5ba.dir/build
make[1]: Verzeichnis „/home/luis/VT2/catkin_ws/build/abb_irb4400_support/CMakeFiles/CMakeTmp“ wird betreten
Building C object CMakeFiles/cmTC_6e5ba.dir/CheckSymbolExists.c.o
/usr/bin/cc     -o CMakeFiles/cmTC_6e5ba.dir/CheckSymbolExists.c.o   -c /home/luis/VT2/catkin_ws/build/abb_irb4400_support/CMakeFiles/CMakeTmp/CheckSymbolExists.c
Linking C executable cmTC_6e5ba
/usr/bin/cmake -E cmake_link_script CMakeFiles/cmTC_6e5ba.dir/link.txt --verbose=1
/usr/bin/cc       CMakeFiles/cmTC_6e5ba.dir/CheckSymbolExists.c.o  -o cmTC_6e5ba -rdynamic 
CMakeFiles/cmTC_6e5ba.dir/CheckSymbolExists.c.o: In Funktion `main':
CheckSymbolExists.c:(.text+0x16): Nicht definierter Verweis auf `pthread_create'
collect2: error: ld returned 1 exit status
CMakeFiles/cmTC_6e5ba.dir/build.make:97: die Regel für Ziel „cmTC_6e5ba“ scheiterte
make[1]: *** [cmTC_6e5ba] Fehler 1
make[1]: Verzeichnis „/home/luis/VT2/catkin_ws/build/abb_irb4400_support/CMakeFiles/CMakeTmp“ wird verlassen
Makefile:126: die Regel für Ziel „cmTC_6e5ba/fast“ scheiterte
make: *** [cmTC_6e5ba/fast] Fehler 2

File /home/luis/VT2/catkin_ws/build/abb_irb4400_support/CMakeFiles/CMakeTmp/CheckSymbolExists.c:
/* */
#include <pthread.h>

int main(int argc, char** argv)
{
  (void)argv;
#ifndef pthread_create
  return ((int*)(&pthread_create))[argc];
#else
  (void)argc;
  return 0;
#endif
}

Determining if the function pthread_create exists in the pthreads failed with the following output:
Change Dir: /home/luis/VT2/catkin_ws/build/abb_irb4400_support/CMakeFiles/CMakeTmp

Run Build Command:"/usr/bin/make" "cmTC_ce584/fast"
/usr/bin/make -f CMakeFiles/cmTC_ce584.dir/build.make CMakeFiles/cmTC_ce584.dir/build
make[1]: Verzeichnis „/home/luis/VT2/catkin_ws/build/abb_irb4400_support/CMakeFiles/CMakeTmp“ wird betreten
Building C object CMakeFiles/cmTC_ce584.dir/CheckFunctionExists.c.o
/usr/bin/cc    -DCHECK_FUNCTION_EXISTS=pthread_create   -o CMakeFiles/cmTC_ce584.dir/CheckFunctionExists.c.o   -c /usr/share/cmake-3.5/Modules/CheckFunctionExists.c
Linking C executable cmTC_ce584
/usr/bin/cmake -E cmake_link_script CMakeFiles/cmTC_ce584.dir/link.txt --verbose=1
/usr/bin/cc   -DCHECK_FUNCTION_EXISTS=pthread_create    CMakeFiles/cmTC_ce584.dir/CheckFunctionExists.c.o  -o cmTC_ce584 -rdynamic -lpthreads 
/usr/bin/ld: cannot find -lpthreads
collect2: error: ld returned 1 exit status
CMakeFiles/cmTC_ce584.dir/build.make:97: die Regel für Ziel „cmTC_ce584“ scheiterte
make[1]: *** [cmTC_ce584] Fehler 1
make[1]: Verzeichnis „/home/luis/VT2/catkin_ws/build/abb_irb4400_support/CMakeFiles/CMakeTmp“ wird verlassen
Makefile:126: die Regel für Ziel „cmTC_ce584/fast“ scheiterte
make: *** [cmTC_ce584/fast] Fehler 2


