Determining if the pthread_create exist failed with the following output:
Change Dir: /home/luis/VT2/catkin_ws/build/abb_irb120_gazebo/CMakeFiles/CMakeTmp

Run Build Command:"/usr/bin/make" "cmTC_4e28f/fast"
/usr/bin/make -f CMakeFiles/cmTC_4e28f.dir/build.make CMakeFiles/cmTC_4e28f.dir/build
make[1]: Verzeichnis „/home/luis/VT2/catkin_ws/build/abb_irb120_gazebo/CMakeFiles/CMakeTmp“ wird betreten
Building C object CMakeFiles/cmTC_4e28f.dir/CheckSymbolExists.c.o
/usr/bin/cc     -o CMakeFiles/cmTC_4e28f.dir/CheckSymbolExists.c.o   -c /home/luis/VT2/catkin_ws/build/abb_irb120_gazebo/CMakeFiles/CMakeTmp/CheckSymbolExists.c
Linking C executable cmTC_4e28f
/usr/bin/cmake -E cmake_link_script CMakeFiles/cmTC_4e28f.dir/link.txt --verbose=1
/usr/bin/cc       CMakeFiles/cmTC_4e28f.dir/CheckSymbolExists.c.o  -o cmTC_4e28f -rdynamic 
CMakeFiles/cmTC_4e28f.dir/CheckSymbolExists.c.o: In Funktion `main':
CheckSymbolExists.c:(.text+0x16): Nicht definierter Verweis auf `pthread_create'
collect2: error: ld returned 1 exit status
CMakeFiles/cmTC_4e28f.dir/build.make:97: die Regel für Ziel „cmTC_4e28f“ scheiterte
make[1]: *** [cmTC_4e28f] Fehler 1
make[1]: Verzeichnis „/home/luis/VT2/catkin_ws/build/abb_irb120_gazebo/CMakeFiles/CMakeTmp“ wird verlassen
Makefile:126: die Regel für Ziel „cmTC_4e28f/fast“ scheiterte
make: *** [cmTC_4e28f/fast] Fehler 2

File /home/luis/VT2/catkin_ws/build/abb_irb120_gazebo/CMakeFiles/CMakeTmp/CheckSymbolExists.c:
/* */
#include <pthread.h>

int main(int argc, char** argv)
{
  (void)argv;
#ifndef pthread_create
  return ((int*)(&pthread_create))[argc];
#else
  (void)argc;
  return 0;
#endif
}

Determining if the function pthread_create exists in the pthreads failed with the following output:
Change Dir: /home/luis/VT2/catkin_ws/build/abb_irb120_gazebo/CMakeFiles/CMakeTmp

Run Build Command:"/usr/bin/make" "cmTC_2078b/fast"
/usr/bin/make -f CMakeFiles/cmTC_2078b.dir/build.make CMakeFiles/cmTC_2078b.dir/build
make[1]: Verzeichnis „/home/luis/VT2/catkin_ws/build/abb_irb120_gazebo/CMakeFiles/CMakeTmp“ wird betreten
Building C object CMakeFiles/cmTC_2078b.dir/CheckFunctionExists.c.o
/usr/bin/cc    -DCHECK_FUNCTION_EXISTS=pthread_create   -o CMakeFiles/cmTC_2078b.dir/CheckFunctionExists.c.o   -c /usr/share/cmake-3.5/Modules/CheckFunctionExists.c
Linking C executable cmTC_2078b
/usr/bin/cmake -E cmake_link_script CMakeFiles/cmTC_2078b.dir/link.txt --verbose=1
/usr/bin/cc   -DCHECK_FUNCTION_EXISTS=pthread_create    CMakeFiles/cmTC_2078b.dir/CheckFunctionExists.c.o  -o cmTC_2078b -rdynamic -lpthreads 
/usr/bin/ld: cannot find -lpthreads
collect2: error: ld returned 1 exit status
CMakeFiles/cmTC_2078b.dir/build.make:97: die Regel für Ziel „cmTC_2078b“ scheiterte
make[1]: *** [cmTC_2078b] Fehler 1
make[1]: Verzeichnis „/home/luis/VT2/catkin_ws/build/abb_irb120_gazebo/CMakeFiles/CMakeTmp“ wird verlassen
Makefile:126: die Regel für Ziel „cmTC_2078b/fast“ scheiterte
make: *** [cmTC_2078b/fast] Fehler 2


