Determining if the pthread_create exist failed with the following output:
Change Dir: /home/luis/VT2/catkin_ws/build/ur_msgs/CMakeFiles/CMakeTmp

Run Build Command:"/usr/bin/make" "cmTC_0d0ed/fast"
/usr/bin/make -f CMakeFiles/cmTC_0d0ed.dir/build.make CMakeFiles/cmTC_0d0ed.dir/build
make[1]: Verzeichnis „/home/luis/VT2/catkin_ws/build/ur_msgs/CMakeFiles/CMakeTmp“ wird betreten
Building C object CMakeFiles/cmTC_0d0ed.dir/CheckSymbolExists.c.o
/usr/bin/cc     -o CMakeFiles/cmTC_0d0ed.dir/CheckSymbolExists.c.o   -c /home/luis/VT2/catkin_ws/build/ur_msgs/CMakeFiles/CMakeTmp/CheckSymbolExists.c
Linking C executable cmTC_0d0ed
/usr/bin/cmake -E cmake_link_script CMakeFiles/cmTC_0d0ed.dir/link.txt --verbose=1
/usr/bin/cc       CMakeFiles/cmTC_0d0ed.dir/CheckSymbolExists.c.o  -o cmTC_0d0ed -rdynamic 
CMakeFiles/cmTC_0d0ed.dir/CheckSymbolExists.c.o: In Funktion `main':
CheckSymbolExists.c:(.text+0x16): Nicht definierter Verweis auf `pthread_create'
collect2: error: ld returned 1 exit status
CMakeFiles/cmTC_0d0ed.dir/build.make:97: die Regel für Ziel „cmTC_0d0ed“ scheiterte
make[1]: *** [cmTC_0d0ed] Fehler 1
make[1]: Verzeichnis „/home/luis/VT2/catkin_ws/build/ur_msgs/CMakeFiles/CMakeTmp“ wird verlassen
Makefile:126: die Regel für Ziel „cmTC_0d0ed/fast“ scheiterte
make: *** [cmTC_0d0ed/fast] Fehler 2

File /home/luis/VT2/catkin_ws/build/ur_msgs/CMakeFiles/CMakeTmp/CheckSymbolExists.c:
/* */
#include <pthread.h>

int main(int argc, char** argv)
{
  (void)argv;
#ifndef pthread_create
  return ((int*)(&pthread_create))[argc];
#else
  (void)argc;
  return 0;
#endif
}

Determining if the function pthread_create exists in the pthreads failed with the following output:
Change Dir: /home/luis/VT2/catkin_ws/build/ur_msgs/CMakeFiles/CMakeTmp

Run Build Command:"/usr/bin/make" "cmTC_4ec8a/fast"
/usr/bin/make -f CMakeFiles/cmTC_4ec8a.dir/build.make CMakeFiles/cmTC_4ec8a.dir/build
make[1]: Verzeichnis „/home/luis/VT2/catkin_ws/build/ur_msgs/CMakeFiles/CMakeTmp“ wird betreten
Building C object CMakeFiles/cmTC_4ec8a.dir/CheckFunctionExists.c.o
/usr/bin/cc    -DCHECK_FUNCTION_EXISTS=pthread_create   -o CMakeFiles/cmTC_4ec8a.dir/CheckFunctionExists.c.o   -c /usr/share/cmake-3.5/Modules/CheckFunctionExists.c
Linking C executable cmTC_4ec8a
/usr/bin/cmake -E cmake_link_script CMakeFiles/cmTC_4ec8a.dir/link.txt --verbose=1
/usr/bin/cc   -DCHECK_FUNCTION_EXISTS=pthread_create    CMakeFiles/cmTC_4ec8a.dir/CheckFunctionExists.c.o  -o cmTC_4ec8a -rdynamic -lpthreads 
/usr/bin/ld: cannot find -lpthreads
collect2: error: ld returned 1 exit status
CMakeFiles/cmTC_4ec8a.dir/build.make:97: die Regel für Ziel „cmTC_4ec8a“ scheiterte
make[1]: *** [cmTC_4ec8a] Fehler 1
make[1]: Verzeichnis „/home/luis/VT2/catkin_ws/build/ur_msgs/CMakeFiles/CMakeTmp“ wird verlassen
Makefile:126: die Regel für Ziel „cmTC_4ec8a/fast“ scheiterte
make: *** [cmTC_4ec8a/fast] Fehler 2


