Determining if the pthread_create exist failed with the following output:
Change Dir: /home/luis/VT2/catkin_ws/build/ur_kinematics/CMakeFiles/CMakeTmp

Run Build Command:"/usr/bin/make" "cmTC_2604e/fast"
/usr/bin/make -f CMakeFiles/cmTC_2604e.dir/build.make CMakeFiles/cmTC_2604e.dir/build
make[1]: Verzeichnis „/home/luis/VT2/catkin_ws/build/ur_kinematics/CMakeFiles/CMakeTmp“ wird betreten
Building C object CMakeFiles/cmTC_2604e.dir/CheckSymbolExists.c.o
/usr/bin/cc     -o CMakeFiles/cmTC_2604e.dir/CheckSymbolExists.c.o   -c /home/luis/VT2/catkin_ws/build/ur_kinematics/CMakeFiles/CMakeTmp/CheckSymbolExists.c
Linking C executable cmTC_2604e
/usr/bin/cmake -E cmake_link_script CMakeFiles/cmTC_2604e.dir/link.txt --verbose=1
/usr/bin/cc       CMakeFiles/cmTC_2604e.dir/CheckSymbolExists.c.o  -o cmTC_2604e -rdynamic 
CMakeFiles/cmTC_2604e.dir/CheckSymbolExists.c.o: In Funktion `main':
CheckSymbolExists.c:(.text+0x16): Nicht definierter Verweis auf `pthread_create'
collect2: error: ld returned 1 exit status
CMakeFiles/cmTC_2604e.dir/build.make:97: die Regel für Ziel „cmTC_2604e“ scheiterte
make[1]: *** [cmTC_2604e] Fehler 1
make[1]: Verzeichnis „/home/luis/VT2/catkin_ws/build/ur_kinematics/CMakeFiles/CMakeTmp“ wird verlassen
Makefile:126: die Regel für Ziel „cmTC_2604e/fast“ scheiterte
make: *** [cmTC_2604e/fast] Fehler 2

File /home/luis/VT2/catkin_ws/build/ur_kinematics/CMakeFiles/CMakeTmp/CheckSymbolExists.c:
/* */
#include <pthread.h>

int main(int argc, char** argv)
{
  (void)argv;
#ifndef pthread_create
  return ((int*)(&pthread_create))[argc];
#else
  (void)argc;
  return 0;
#endif
}

Determining if the function pthread_create exists in the pthreads failed with the following output:
Change Dir: /home/luis/VT2/catkin_ws/build/ur_kinematics/CMakeFiles/CMakeTmp

Run Build Command:"/usr/bin/make" "cmTC_8b3b4/fast"
/usr/bin/make -f CMakeFiles/cmTC_8b3b4.dir/build.make CMakeFiles/cmTC_8b3b4.dir/build
make[1]: Verzeichnis „/home/luis/VT2/catkin_ws/build/ur_kinematics/CMakeFiles/CMakeTmp“ wird betreten
Building C object CMakeFiles/cmTC_8b3b4.dir/CheckFunctionExists.c.o
/usr/bin/cc    -DCHECK_FUNCTION_EXISTS=pthread_create   -o CMakeFiles/cmTC_8b3b4.dir/CheckFunctionExists.c.o   -c /usr/share/cmake-3.5/Modules/CheckFunctionExists.c
Linking C executable cmTC_8b3b4
/usr/bin/cmake -E cmake_link_script CMakeFiles/cmTC_8b3b4.dir/link.txt --verbose=1
/usr/bin/cc   -DCHECK_FUNCTION_EXISTS=pthread_create    CMakeFiles/cmTC_8b3b4.dir/CheckFunctionExists.c.o  -o cmTC_8b3b4 -rdynamic -lpthreads 
/usr/bin/ld: cannot find -lpthreads
collect2: error: ld returned 1 exit status
CMakeFiles/cmTC_8b3b4.dir/build.make:97: die Regel für Ziel „cmTC_8b3b4“ scheiterte
make[1]: *** [cmTC_8b3b4] Fehler 1
make[1]: Verzeichnis „/home/luis/VT2/catkin_ws/build/ur_kinematics/CMakeFiles/CMakeTmp“ wird verlassen
Makefile:126: die Regel für Ziel „cmTC_8b3b4/fast“ scheiterte
make: *** [cmTC_8b3b4/fast] Fehler 2


