Determining if the pthread_create exist failed with the following output:
Change Dir: /home/luis/VT2/catkin_ws/build/abb_irb120t_moveit_config/CMakeFiles/CMakeTmp

Run Build Command:"/usr/bin/make" "cmTC_eec99/fast"
/usr/bin/make -f CMakeFiles/cmTC_eec99.dir/build.make CMakeFiles/cmTC_eec99.dir/build
make[1]: Verzeichnis „/home/luis/VT2/catkin_ws/build/abb_irb120t_moveit_config/CMakeFiles/CMakeTmp“ wird betreten
Building C object CMakeFiles/cmTC_eec99.dir/CheckSymbolExists.c.o
/usr/bin/cc     -o CMakeFiles/cmTC_eec99.dir/CheckSymbolExists.c.o   -c /home/luis/VT2/catkin_ws/build/abb_irb120t_moveit_config/CMakeFiles/CMakeTmp/CheckSymbolExists.c
Linking C executable cmTC_eec99
/usr/bin/cmake -E cmake_link_script CMakeFiles/cmTC_eec99.dir/link.txt --verbose=1
/usr/bin/cc       CMakeFiles/cmTC_eec99.dir/CheckSymbolExists.c.o  -o cmTC_eec99 -rdynamic 
CMakeFiles/cmTC_eec99.dir/CheckSymbolExists.c.o: In Funktion `main':
CheckSymbolExists.c:(.text+0x16): Nicht definierter Verweis auf `pthread_create'
collect2: error: ld returned 1 exit status
CMakeFiles/cmTC_eec99.dir/build.make:97: die Regel für Ziel „cmTC_eec99“ scheiterte
make[1]: *** [cmTC_eec99] Fehler 1
make[1]: Verzeichnis „/home/luis/VT2/catkin_ws/build/abb_irb120t_moveit_config/CMakeFiles/CMakeTmp“ wird verlassen
Makefile:126: die Regel für Ziel „cmTC_eec99/fast“ scheiterte
make: *** [cmTC_eec99/fast] Fehler 2

File /home/luis/VT2/catkin_ws/build/abb_irb120t_moveit_config/CMakeFiles/CMakeTmp/CheckSymbolExists.c:
/* */
#include <pthread.h>

int main(int argc, char** argv)
{
  (void)argv;
#ifndef pthread_create
  return ((int*)(&pthread_create))[argc];
#else
  (void)argc;
  return 0;
#endif
}

Determining if the function pthread_create exists in the pthreads failed with the following output:
Change Dir: /home/luis/VT2/catkin_ws/build/abb_irb120t_moveit_config/CMakeFiles/CMakeTmp

Run Build Command:"/usr/bin/make" "cmTC_907a1/fast"
/usr/bin/make -f CMakeFiles/cmTC_907a1.dir/build.make CMakeFiles/cmTC_907a1.dir/build
make[1]: Verzeichnis „/home/luis/VT2/catkin_ws/build/abb_irb120t_moveit_config/CMakeFiles/CMakeTmp“ wird betreten
Building C object CMakeFiles/cmTC_907a1.dir/CheckFunctionExists.c.o
/usr/bin/cc    -DCHECK_FUNCTION_EXISTS=pthread_create   -o CMakeFiles/cmTC_907a1.dir/CheckFunctionExists.c.o   -c /usr/share/cmake-3.5/Modules/CheckFunctionExists.c
Linking C executable cmTC_907a1
/usr/bin/cmake -E cmake_link_script CMakeFiles/cmTC_907a1.dir/link.txt --verbose=1
/usr/bin/cc   -DCHECK_FUNCTION_EXISTS=pthread_create    CMakeFiles/cmTC_907a1.dir/CheckFunctionExists.c.o  -o cmTC_907a1 -rdynamic -lpthreads 
/usr/bin/ld: cannot find -lpthreads
collect2: error: ld returned 1 exit status
CMakeFiles/cmTC_907a1.dir/build.make:97: die Regel für Ziel „cmTC_907a1“ scheiterte
make[1]: *** [cmTC_907a1] Fehler 1
make[1]: Verzeichnis „/home/luis/VT2/catkin_ws/build/abb_irb120t_moveit_config/CMakeFiles/CMakeTmp“ wird verlassen
Makefile:126: die Regel für Ziel „cmTC_907a1/fast“ scheiterte
make: *** [cmTC_907a1/fast] Fehler 2


